<?xml version="1.0" encoding="UTF-8"?>
<!-- Generated by org.testng.reporters.JUnitReportReporter -->
<testsuite hostname="inbl01lap7185" failures="0" tests="1" name="Com.Openmrs.Test.CapturePageTest" time="17.420" errors="0" timestamp="2022-02-19T02:48:40 GMT-05:00" skipped="0">
  <testcase classname="Com.Openmrs.Test.CapturePageTest" name="verifyPatientIdGettingSuccessful" time="17.420"/>
  <system-out/>
</testsuite> <!-- Com.Openmrs.Test.CapturePageTest -->
