<?xml version="1.0" encoding="UTF-8"?>
<!-- Generated by org.testng.reporters.JUnitReportReporter -->
<testsuite hostname="inbl01lap7185" failures="0" tests="2" name="Com.Openmrs.Test.LoginTest" time="21.001" errors="0" timestamp="2022-02-19T02:48:40 GMT-05:00" skipped="0">
  <testcase classname="Com.Openmrs.Test.LoginTest" name="verifyUserLoginSuccessful" time="8.867"/>
  <system-out/>
  <testcase classname="Com.Openmrs.Test.LoginTest" name="verifyUserLoginUnsuccessful" time="12.134"/>
  <system-out/>
</testsuite> <!-- Com.Openmrs.Test.LoginTest -->
